<?xml version="1.0" encoding="UTF-8"?>
<!-- Generated by org.testng.reporters.JUnitReportReporter -->
<testsuite hostname="miszio" failures="0" tests="1" name="com.miszio.mvnselenium.Login" time="3.231" errors="0" timestamp="2021-10-26T14:54:49 CDT" skipped="0">
  <testcase classname="com.miszio.mvnselenium.Login" name="loginTest" time="3.231"/>
  <system-out/>
</testsuite> <!-- com.miszio.mvnselenium.Login -->
